GAS LISTING /tmp/cczTCM64.s 			page 1


   1               		.file	"serial.c"
   2               	__SP_H__ = 0x3e
   3               	__SP_L__ = 0x3d
   4               	__SREG__ = 0x3f
   5               	__tmp_reg__ = 0
   6               	__zero_reg__ = 1
   7               		.text
   8               	.global	out_char
   9               		.type	out_char, @function
  10               	out_char:
  11               	/* prologue: function */
  12               	/* frame size = 0 */
  13               	/* stack size = 0 */
  14               	.L__stack_usage = 0
  15 0000 8CB9      		out 0xc,r24
  16               	.L3:
  17 0002 5D9B      		sbis 0xb,5
  18 0004 00C0      		rjmp .L3
  19               	/* epilogue start */
  20 0006 0895      		ret
  21               		.size	out_char, .-out_char
  22               	.global	USART_Receive
  23               		.type	USART_Receive, @function
  24               	USART_Receive:
  25               	/* prologue: function */
  26               	/* frame size = 0 */
  27               	/* stack size = 0 */
  28               	.L__stack_usage = 0
  29               	.L6:
  30 0008 5F9B      		sbis 0xb,7
  31 000a 00C0      		rjmp .L6
  32 000c 8CB1      		in r24,0xc
  33 000e 0895      		ret
  34               		.size	USART_Receive, .-USART_Receive
  35               	.global	USART_init
  36               		.type	USART_init, @function
  37               	USART_init:
  38               	/* prologue: function */
  39               	/* frame size = 0 */
  40               	/* stack size = 0 */
  41               	.L__stack_usage = 0
  42 0010 88E1      		ldi r24,lo8(24)
  43 0012 8AB9      		out 0xa,r24
  44 0014 80B5      		in r24,0x20
  45 0016 8E68      		ori r24,lo8(-114)
  46 0018 80BD      		out 0x20,r24
  47 001a 10BC      		out 0x20,__zero_reg__
  48 001c 83E3      		ldi r24,lo8(51)
  49 001e 89B9      		out 0x9,r24
  50               	/* #APP */
  51               	 ;  30 "serial.c" 1
  52 0020 7894      		sei
  53               	 ;  0 "" 2
  54               	/* #NOAPP */
  55 0022 0895      		ret
  56               		.size	USART_init, .-USART_init
  57               	.global	puts_UART
GAS LISTING /tmp/cczTCM64.s 			page 2


  58               		.type	puts_UART, @function
  59               	puts_UART:
  60 0024 CF93      		push r28
  61 0026 DF93      		push r29
  62               	/* prologue: function */
  63               	/* frame size = 0 */
  64               	/* stack size = 2 */
  65               	.L__stack_usage = 2
  66 0028 EC01      		movw r28,r24
  67 002a 8881      		ld r24,Y
  68 002c 8823      		tst r24
  69 002e 01F0      		breq .L8
  70 0030 2196      		adiw r28,1
  71               	.L10:
  72 0032 0E94 0000 		call out_char
  73 0036 8991      		ld r24,Y+
  74 0038 8111      		cpse r24,__zero_reg__
  75 003a 00C0      		rjmp .L10
  76               	.L8:
  77               	/* epilogue start */
  78 003c DF91      		pop r29
  79 003e CF91      		pop r28
  80 0040 0895      		ret
  81               		.size	puts_UART, .-puts_UART
  82               		.section	.rodata.str1.1,"aMS",@progbits,1
  83               	.LC0:
  84 0000 3031 3233 		.string	"0123456789abcdef"
  84      3435 3637 
  84      3839 6162 
  84      6364 6566 
  84      00
  85               		.text
  86               	.global	convert
  87               		.type	convert, @function
  88               	convert:
  89               	/* prologue: function */
  90               	/* frame size = 0 */
  91               	/* stack size = 0 */
  92               	.L__stack_usage = 0
  93 0042 9B01      		movw r18,r22
  94 0044 1092 0000 		sts buff.1664+32,__zero_reg__
  95 0048 E0E0      		ldi r30,lo8(buff.1664+32)
  96 004a F0E0      		ldi r31,hi8(buff.1664+32)
  97               	.L13:
  98 004c B901      		movw r22,r18
  99 004e 0E94 0000 		call __udivmodhi4
 100 0052 DC01      		movw r26,r24
 101 0054 A050      		subi r26,lo8(-(.LC0))
 102 0056 B040      		sbci r27,hi8(-(.LC0))
 103 0058 8C91      		ld r24,X
 104 005a 8293      		st -Z,r24
 105 005c 862F      		mov r24,r22
 106 005e 972F      		mov r25,r23
 107 0060 0097      		sbiw r24,0
 108 0062 01F4      		brne .L13
 109 0064 CF01      		movw r24,r30
 110 0066 0895      		ret
GAS LISTING /tmp/cczTCM64.s 			page 3


 111               		.size	convert, .-convert
 112               	.global	convert_long
 113               		.type	convert_long, @function
 114               	convert_long:
 115 0068 CF92      		push r12
 116 006a DF92      		push r13
 117 006c EF92      		push r14
 118 006e FF92      		push r15
 119 0070 CF93      		push r28
 120 0072 DF93      		push r29
 121               	/* prologue: function */
 122               	/* frame size = 0 */
 123               	/* stack size = 6 */
 124               	.L__stack_usage = 6
 125 0074 1092 0000 		sts buff.1672+32,__zero_reg__
 126 0078 C0E0      		ldi r28,lo8(buff.1672+32)
 127 007a D0E0      		ldi r29,hi8(buff.1672+32)
 128 007c 6A01      		movw r12,r20
 129 007e EE24      		clr r14
 130 0080 D7FC      		sbrc r13,7
 131 0082 E094      		com r14
 132 0084 FE2C      		mov r15,r14
 133               	.L16:
 134 0086 A701      		movw r20,r14
 135 0088 9601      		movw r18,r12
 136 008a 0E94 0000 		call __divmodsi4
 137 008e FB01      		movw r30,r22
 138 0090 E050      		subi r30,lo8(-(.LC0))
 139 0092 F040      		sbci r31,hi8(-(.LC0))
 140 0094 8081      		ld r24,Z
 141 0096 8A93      		st -Y,r24
 142 0098 622F      		mov r22,r18
 143 009a 732F      		mov r23,r19
 144 009c 842F      		mov r24,r20
 145 009e 952F      		mov r25,r21
 146 00a0 6115      		cp r22,__zero_reg__
 147 00a2 7105      		cpc r23,__zero_reg__
 148 00a4 8105      		cpc r24,__zero_reg__
 149 00a6 9105      		cpc r25,__zero_reg__
 150 00a8 01F4      		brne .L16
 151 00aa CE01      		movw r24,r28
 152               	/* epilogue start */
 153 00ac DF91      		pop r29
 154 00ae CF91      		pop r28
 155 00b0 FF90      		pop r15
 156 00b2 EF90      		pop r14
 157 00b4 DF90      		pop r13
 158 00b6 CF90      		pop r12
 159 00b8 0895      		ret
 160               		.size	convert_long, .-convert_long
 161               	.global	str_lenght
 162               		.type	str_lenght, @function
 163               	str_lenght:
 164               	/* prologue: function */
 165               	/* frame size = 0 */
 166               	/* stack size = 0 */
 167               	.L__stack_usage = 0
GAS LISTING /tmp/cczTCM64.s 			page 4


 168 00ba FC01      		movw r30,r24
 169 00bc 2081      		ld r18,Z
 170 00be 2223      		tst r18
 171 00c0 01F0      		breq .L20
 172 00c2 3196      		adiw r30,1
 173 00c4 80E0      		ldi r24,0
 174 00c6 90E0      		ldi r25,0
 175               	.L19:
 176 00c8 0196      		adiw r24,1
 177 00ca 2191      		ld r18,Z+
 178 00cc 2111      		cpse r18,__zero_reg__
 179 00ce 00C0      		rjmp .L19
 180 00d0 0895      		ret
 181               	.L20:
 182 00d2 80E0      		ldi r24,0
 183 00d4 90E0      		ldi r25,0
 184 00d6 0895      		ret
 185               		.size	str_lenght, .-str_lenght
 186               	.global	convert_digit_noTerm
 187               		.type	convert_digit_noTerm, @function
 188               	convert_digit_noTerm:
 189               	/* prologue: function */
 190               	/* frame size = 0 */
 191               	/* stack size = 0 */
 192               	.L__stack_usage = 0
 193 00d8 FB01      		movw r30,r22
 194 00da 3097      		sbiw r30,0
 195 00dc 01F0      		breq .L21
 196 00de 6AE0      		ldi r22,lo8(10)
 197 00e0 70E0      		ldi r23,0
 198 00e2 0E94 0000 		call __divmodhi4
 199 00e6 DC01      		movw r26,r24
 200 00e8 A050      		subi r26,lo8(-(.LC0))
 201 00ea B040      		sbci r27,hi8(-(.LC0))
 202 00ec 8C91      		ld r24,X
 203 00ee 8083      		st Z,r24
 204               	.L21:
 205 00f0 0895      		ret
 206               		.size	convert_digit_noTerm, .-convert_digit_noTerm
 207               	.global	__fixsfsi
 208               	.global	__ltsf2
 209               	.global	__nesf2
 210               	.global	__floatsisf
 211               	.global	__subsf3
 212               	.global	__mulsf3
 213               	.global	FloatToString
 214               		.type	FloatToString, @function
 215               	FloatToString:
 216 00f2 3F92      		push r3
 217 00f4 4F92      		push r4
 218 00f6 5F92      		push r5
 219 00f8 6F92      		push r6
 220 00fa 7F92      		push r7
 221 00fc 8F92      		push r8
 222 00fe 9F92      		push r9
 223 0100 AF92      		push r10
 224 0102 BF92      		push r11
GAS LISTING /tmp/cczTCM64.s 			page 5


 225 0104 CF92      		push r12
 226 0106 DF92      		push r13
 227 0108 EF92      		push r14
 228 010a FF92      		push r15
 229 010c 0F93      		push r16
 230 010e 1F93      		push r17
 231 0110 CF93      		push r28
 232 0112 DF93      		push r29
 233               	/* prologue: function */
 234               	/* frame size = 0 */
 235               	/* stack size = 17 */
 236               	.L__stack_usage = 17
 237 0114 6C01      		movw r12,r24
 238 0116 4A01      		movw r8,r20
 239 0118 5B01      		movw r10,r22
 240 011a 322E      		mov r3,r18
 241 011c CB01      		movw r24,r22
 242 011e BA01      		movw r22,r20
 243 0120 0E94 0000 		call __fixsfsi
 244 0124 2B01      		movw r4,r22
 245 0126 3C01      		movw r6,r24
 246 0128 7B01      		movw r14,r22
 247 012a 20E0      		ldi r18,0
 248 012c 30E0      		ldi r19,0
 249 012e A901      		movw r20,r18
 250 0130 C501      		movw r24,r10
 251 0132 B401      		movw r22,r8
 252 0134 0E94 0000 		call __ltsf2
 253 0138 8823      		tst r24
 254 013a 04F4      		brge .L37
 255 013c B7FA      		bst r11,7
 256 013e B094      		com r11
 257 0140 B7F8      		bld r11,7
 258 0142 B094      		com r11
 259 0144 EE24      		clr r14
 260 0146 FF24      		clr r15
 261 0148 E418      		sub r14,r4
 262 014a F508      		sbc r15,r5
 263 014c 8DE2      		ldi r24,lo8(45)
 264 014e F601      		movw r30,r12
 265 0150 8083      		st Z,r24
 266 0152 01E0      		ldi r16,lo8(1)
 267 0154 10E0      		ldi r17,0
 268 0156 00C0      		rjmp .L24
 269               	.L37:
 270 0158 00E0      		ldi r16,0
 271 015a 10E0      		ldi r17,0
 272               	.L24:
 273 015c 6AE0      		ldi r22,lo8(10)
 274 015e 70E0      		ldi r23,0
 275 0160 C701      		movw r24,r14
 276 0162 0E94 0000 		call convert
 277 0166 FC01      		movw r30,r24
 278 0168 2081      		ld r18,Z
 279 016a 2223      		tst r18
 280 016c 01F0      		breq .L26
 281 016e D601      		movw r26,r12
GAS LISTING /tmp/cczTCM64.s 			page 6


 282 0170 A00F      		add r26,r16
 283 0172 B11F      		adc r27,r17
 284 0174 3196      		adiw r30,1
 285               	.L27:
 286 0176 2D93      		st X+,r18
 287 0178 0F5F      		subi r16,-1
 288 017a 1F4F      		sbci r17,-1
 289 017c 2191      		ld r18,Z+
 290 017e 2111      		cpse r18,__zero_reg__
 291 0180 00C0      		rjmp .L27
 292               	.L26:
 293 0182 E801      		movw r28,r16
 294 0184 2196      		adiw r28,1
 295 0186 F601      		movw r30,r12
 296 0188 E00F      		add r30,r16
 297 018a F11F      		adc r31,r17
 298 018c 8EE2      		ldi r24,lo8(46)
 299 018e 8083      		st Z,r24
 300 0190 032D      		mov r16,r3
 301 0192 1127      		clr r17
 302 0194 07FD      		sbrc r16,7
 303 0196 1095      		com r17
 304 0198 0250      		subi r16,2
 305 019a 1109      		sbc r17,__zero_reg__
 306 019c C017      		cp r28,r16
 307 019e D107      		cpc r29,r17
 308 01a0 04F4      		brge .L28
 309 01a2 20E0      		ldi r18,0
 310 01a4 30E0      		ldi r19,0
 311 01a6 A901      		movw r20,r18
 312 01a8 C501      		movw r24,r10
 313 01aa B401      		movw r22,r8
 314 01ac 0E94 0000 		call __nesf2
 315 01b0 8823      		tst r24
 316 01b2 01F0      		breq .L28
 317               	.L36:
 318 01b4 B701      		movw r22,r14
 319 01b6 8827      		clr r24
 320 01b8 77FD      		sbrc r23,7
 321 01ba 8095      		com r24
 322 01bc 982F      		mov r25,r24
 323 01be 0E94 0000 		call __floatsisf
 324 01c2 9B01      		movw r18,r22
 325 01c4 AC01      		movw r20,r24
 326 01c6 C501      		movw r24,r10
 327 01c8 B401      		movw r22,r8
 328 01ca 0E94 0000 		call __subsf3
 329 01ce 20E0      		ldi r18,0
 330 01d0 30E0      		ldi r19,0
 331 01d2 40E2      		ldi r20,lo8(32)
 332 01d4 51E4      		ldi r21,lo8(65)
 333 01d6 0E94 0000 		call __mulsf3
 334 01da 4B01      		movw r8,r22
 335 01dc 5C01      		movw r10,r24
 336 01de 0E94 0000 		call __fixsfsi
 337 01e2 DC01      		movw r26,r24
 338 01e4 CB01      		movw r24,r22
GAS LISTING /tmp/cczTCM64.s 			page 7


 339 01e6 7C01      		movw r14,r24
 340 01e8 2196      		adiw r28,1
 341 01ea BE01      		movw r22,r28
 342 01ec 6150      		subi r22,1
 343 01ee 7109      		sbc r23,__zero_reg__
 344 01f0 6C0D      		add r22,r12
 345 01f2 7D1D      		adc r23,r13
 346 01f4 0E94 0000 		call convert_digit_noTerm
 347 01f8 C017      		cp r28,r16
 348 01fa D107      		cpc r29,r17
 349 01fc 04F4      		brge .L28
 350 01fe 20E0      		ldi r18,0
 351 0200 30E0      		ldi r19,0
 352 0202 A901      		movw r20,r18
 353 0204 C501      		movw r24,r10
 354 0206 B401      		movw r22,r8
 355 0208 0E94 0000 		call __nesf2
 356 020c 8111      		cpse r24,__zero_reg__
 357 020e 00C0      		rjmp .L36
 358               	.L28:
 359 0210 CC0D      		add r28,r12
 360 0212 DD1D      		adc r29,r13
 361 0214 1882      		st Y,__zero_reg__
 362               	/* epilogue start */
 363 0216 DF91      		pop r29
 364 0218 CF91      		pop r28
 365 021a 1F91      		pop r17
 366 021c 0F91      		pop r16
 367 021e FF90      		pop r15
 368 0220 EF90      		pop r14
 369 0222 DF90      		pop r13
 370 0224 CF90      		pop r12
 371 0226 BF90      		pop r11
 372 0228 AF90      		pop r10
 373 022a 9F90      		pop r9
 374 022c 8F90      		pop r8
 375 022e 7F90      		pop r7
 376 0230 6F90      		pop r6
 377 0232 5F90      		pop r5
 378 0234 4F90      		pop r4
 379 0236 3F90      		pop r3
 380 0238 0895      		ret
 381               		.size	FloatToString, .-FloatToString
 382               	.global	print_UART
 383               		.type	print_UART, @function
 384               	print_UART:
 385 023a AF92      		push r10
 386 023c BF92      		push r11
 387 023e CF92      		push r12
 388 0240 DF92      		push r13
 389 0242 EF92      		push r14
 390 0244 FF92      		push r15
 391 0246 0F93      		push r16
 392 0248 1F93      		push r17
 393 024a CF93      		push r28
 394 024c DF93      		push r29
 395 024e CDB7      		in r28,__SP_L__
GAS LISTING /tmp/cczTCM64.s 			page 8


 396 0250 DEB7      		in r29,__SP_H__
 397 0252 A197      		sbiw r28,33
 398 0254 0FB6      		in __tmp_reg__,__SREG__
 399 0256 F894      		cli
 400 0258 DEBF      		out __SP_H__,r29
 401 025a 0FBE      		out __SREG__,__tmp_reg__
 402 025c CDBF      		out __SP_L__,r28
 403               	/* prologue: function */
 404               	/* frame size = 33 */
 405               	/* stack size = 43 */
 406               	.L__stack_usage = 43
 407 025e FE01      		movw r30,r28
 408 0260 BE96      		adiw r30,46
 409 0262 E190      		ld r14,Z+
 410 0264 F190      		ld r15,Z+
 411 0266 6F01      		movw r12,r30
 412 0268 F701      		movw r30,r14
 413 026a 8081      		ld r24,Z
 414 026c 8823      		tst r24
 415 026e 01F4      		brne .+2
 416 0270 00C0      		rjmp .L38
 417               	.L53:
 418 0272 8532      		cpi r24,lo8(37)
 419 0274 01F0      		breq .L40
 420 0276 0E94 0000 		call out_char
 421 027a 8701      		movw r16,r14
 422 027c 00C0      		rjmp .L41
 423               	.L40:
 424 027e 8701      		movw r16,r14
 425 0280 0F5F      		subi r16,-1
 426 0282 1F4F      		sbci r17,-1
 427 0284 F701      		movw r30,r14
 428 0286 8181      		ldd r24,Z+1
 429 0288 8636      		cpi r24,lo8(102)
 430 028a 01F4      		brne .+2
 431 028c 00C0      		rjmp .L42
 432 028e 04F4      		brge .L43
 433 0290 8336      		cpi r24,lo8(99)
 434 0292 01F0      		breq .L44
 435 0294 8436      		cpi r24,lo8(100)
 436 0296 01F0      		breq .L45
 437 0298 8532      		cpi r24,lo8(37)
 438 029a 01F0      		breq .+2
 439 029c 00C0      		rjmp .L41
 440 029e 00C0      		rjmp .L46
 441               	.L43:
 442 02a0 8337      		cpi r24,lo8(115)
 443 02a2 01F0      		breq .L47
 444 02a4 04F4      		brge .L48
 445 02a6 8F36      		cpi r24,lo8(111)
 446 02a8 01F0      		breq .L49
 447 02aa 00C0      		rjmp .L41
 448               	.L48:
 449 02ac 8537      		cpi r24,lo8(117)
 450 02ae 01F0      		breq .L50
 451 02b0 8837      		cpi r24,lo8(120)
 452 02b2 01F4      		brne .+2
GAS LISTING /tmp/cczTCM64.s 			page 9


 453 02b4 00C0      		rjmp .L51
 454 02b6 00C0      		rjmp .L41
 455               	.L44:
 456 02b8 7601      		movw r14,r12
 457 02ba F2E0      		ldi r31,2
 458 02bc EF0E      		add r14,r31
 459 02be F11C      		adc r15,__zero_reg__
 460 02c0 F601      		movw r30,r12
 461 02c2 8081      		ld r24,Z
 462 02c4 0E94 0000 		call out_char
 463 02c8 6701      		movw r12,r14
 464 02ca 00C0      		rjmp .L41
 465               	.L45:
 466 02cc 5601      		movw r10,r12
 467 02ce F2E0      		ldi r31,2
 468 02d0 AF0E      		add r10,r31
 469 02d2 B11C      		adc r11,__zero_reg__
 470 02d4 F601      		movw r30,r12
 471 02d6 E080      		ld r14,Z
 472 02d8 F180      		ldd r15,Z+1
 473 02da FF20      		tst r15
 474 02dc 04F4      		brge .L52
 475 02de F194      		neg r15
 476 02e0 E194      		neg r14
 477 02e2 F108      		sbc r15,__zero_reg__
 478 02e4 8DE2      		ldi r24,lo8(45)
 479 02e6 0E94 0000 		call out_char
 480               	.L52:
 481 02ea 6AE0      		ldi r22,lo8(10)
 482 02ec 70E0      		ldi r23,0
 483 02ee C701      		movw r24,r14
 484 02f0 0E94 0000 		call convert
 485 02f4 0E94 0000 		call puts_UART
 486 02f8 6501      		movw r12,r10
 487 02fa 00C0      		rjmp .L41
 488               	.L49:
 489 02fc 7601      		movw r14,r12
 490 02fe F2E0      		ldi r31,2
 491 0300 EF0E      		add r14,r31
 492 0302 F11C      		adc r15,__zero_reg__
 493 0304 68E0      		ldi r22,lo8(8)
 494 0306 70E0      		ldi r23,0
 495 0308 F601      		movw r30,r12
 496 030a 8081      		ld r24,Z
 497 030c 9181      		ldd r25,Z+1
 498 030e 0E94 0000 		call convert
 499 0312 0E94 0000 		call puts_UART
 500 0316 6701      		movw r12,r14
 501 0318 00C0      		rjmp .L41
 502               	.L47:
 503 031a F601      		movw r30,r12
 504 031c 8081      		ld r24,Z
 505 031e 9181      		ldd r25,Z+1
 506 0320 F2E0      		ldi r31,2
 507 0322 CF0E      		add r12,r31
 508 0324 D11C      		adc r13,__zero_reg__
 509 0326 0E94 0000 		call puts_UART
GAS LISTING /tmp/cczTCM64.s 			page 10


 510 032a 00C0      		rjmp .L41
 511               	.L50:
 512 032c F601      		movw r30,r12
 513 032e 6AE0      		ldi r22,lo8(10)
 514 0330 70E0      		ldi r23,0
 515 0332 8081      		ld r24,Z
 516 0334 9181      		ldd r25,Z+1
 517 0336 22E0      		ldi r18,2
 518 0338 C20E      		add r12,r18
 519 033a D11C      		adc r13,__zero_reg__
 520 033c 0E94 0000 		call convert
 521 0340 0E94 0000 		call puts_UART
 522 0344 00C0      		rjmp .L41
 523               	.L51:
 524 0346 F601      		movw r30,r12
 525 0348 E080      		ld r14,Z
 526 034a F180      		ldd r15,Z+1
 527 034c 82E0      		ldi r24,2
 528 034e C80E      		add r12,r24
 529 0350 D11C      		adc r13,__zero_reg__
 530 0352 80E3      		ldi r24,lo8(48)
 531 0354 0E94 0000 		call out_char
 532 0358 88E7      		ldi r24,lo8(120)
 533 035a 0E94 0000 		call out_char
 534 035e 60E1      		ldi r22,lo8(16)
 535 0360 70E0      		ldi r23,0
 536 0362 C701      		movw r24,r14
 537 0364 0E94 0000 		call convert
 538 0368 0E94 0000 		call puts_UART
 539 036c 00C0      		rjmp .L41
 540               	.L46:
 541 036e 85E2      		ldi r24,lo8(37)
 542 0370 0E94 0000 		call out_char
 543 0374 00C0      		rjmp .L41
 544               	.L42:
 545 0376 7601      		movw r14,r12
 546 0378 E4E0      		ldi r30,4
 547 037a EE0E      		add r14,r30
 548 037c F11C      		adc r15,__zero_reg__
 549 037e F601      		movw r30,r12
 550 0380 4081      		ld r20,Z
 551 0382 5181      		ldd r21,Z+1
 552 0384 6281      		ldd r22,Z+2
 553 0386 7381      		ldd r23,Z+3
 554 0388 2FE0      		ldi r18,lo8(15)
 555 038a CE01      		movw r24,r28
 556 038c 0196      		adiw r24,1
 557 038e 0E94 0000 		call FloatToString
 558 0392 CE01      		movw r24,r28
 559 0394 0196      		adiw r24,1
 560 0396 0E94 0000 		call puts_UART
 561 039a 6701      		movw r12,r14
 562               	.L41:
 563 039c 7801      		movw r14,r16
 564 039e FFEF      		ldi r31,-1
 565 03a0 EF1A      		sub r14,r31
 566 03a2 FF0A      		sbc r15,r31
GAS LISTING /tmp/cczTCM64.s 			page 11


 567 03a4 F801      		movw r30,r16
 568 03a6 8181      		ldd r24,Z+1
 569 03a8 8111      		cpse r24,__zero_reg__
 570 03aa 00C0      		rjmp .L53
 571               	.L38:
 572               	/* epilogue start */
 573 03ac A196      		adiw r28,33
 574 03ae 0FB6      		in __tmp_reg__,__SREG__
 575 03b0 F894      		cli
 576 03b2 DEBF      		out __SP_H__,r29
 577 03b4 0FBE      		out __SREG__,__tmp_reg__
 578 03b6 CDBF      		out __SP_L__,r28
 579 03b8 DF91      		pop r29
 580 03ba CF91      		pop r28
 581 03bc 1F91      		pop r17
 582 03be 0F91      		pop r16
 583 03c0 FF90      		pop r15
 584 03c2 EF90      		pop r14
 585 03c4 DF90      		pop r13
 586 03c6 CF90      		pop r12
 587 03c8 BF90      		pop r11
 588 03ca AF90      		pop r10
 589 03cc 0895      		ret
 590               		.size	print_UART, .-print_UART
 591               		.local	buff.1672
 592               		.comm	buff.1672,33,1
 593               		.local	buff.1664
 594               		.comm	buff.1664,33,1
 595               		.ident	"GCC: (GNU) 4.8.2"
 596               	.global __do_copy_data
 597               	.global __do_clear_bss
GAS LISTING /tmp/cczTCM64.s 			page 12


DEFINED SYMBOLS
                            *ABS*:0000000000000000 serial.c
     /tmp/cczTCM64.s:2      *ABS*:000000000000003e __SP_H__
     /tmp/cczTCM64.s:3      *ABS*:000000000000003d __SP_L__
     /tmp/cczTCM64.s:4      *ABS*:000000000000003f __SREG__
     /tmp/cczTCM64.s:5      *ABS*:0000000000000000 __tmp_reg__
     /tmp/cczTCM64.s:6      *ABS*:0000000000000001 __zero_reg__
     /tmp/cczTCM64.s:10     .text:0000000000000000 out_char
     /tmp/cczTCM64.s:24     .text:0000000000000008 USART_Receive
     /tmp/cczTCM64.s:37     .text:0000000000000010 USART_init
     /tmp/cczTCM64.s:59     .text:0000000000000024 puts_UART
     /tmp/cczTCM64.s:88     .text:0000000000000042 convert
     /tmp/cczTCM64.s:592    .bss:0000000000000021 buff.1664
     /tmp/cczTCM64.s:114    .text:0000000000000068 convert_long
                             .bss:0000000000000000 buff.1672
     /tmp/cczTCM64.s:163    .text:00000000000000ba str_lenght
     /tmp/cczTCM64.s:188    .text:00000000000000d8 convert_digit_noTerm
     /tmp/cczTCM64.s:215    .text:00000000000000f2 FloatToString
     /tmp/cczTCM64.s:384    .text:000000000000023a print_UART

UNDEFINED SYMBOLS
__udivmodhi4
__divmodsi4
__divmodhi4
__fixsfsi
__ltsf2
__nesf2
__floatsisf
__subsf3
__mulsf3
__do_copy_data
__do_clear_bss
